
> nexeapp@1.0.0 web
> expo start --web --port 8081

Starting project at /app
React Compiler enabled
Starting Metro Bundler
Waiting on http://localhost:8081
Logs for your project will appear below.
Web node_modules/expo-router/entry.js ░░░░░░░░░░░░░░░░  0.0% (0/1)
Web node_modules/expo-router/entry.js ▓▓▓▓░░░░░░░░░░░░ 26.8% ( 84/180)
λ node_modules/expo-router/node/render.js ▓▓░░░░░░░░░░░░░░ 14.7% ( 86/224)
Web node_modules/expo-router/entry.js ▓▓▓▓▓▓▓░░░░░░░░░ 49.3% (195/281)
λ node_modules/expo-router/node/render.js ▓▓▓▓▓▓░░░░░░░░░░ 40.3% (313/493)
Web node_modules/expo-router/entry.js ▓▓▓▓▓▓▓░░░░░░░░░ 49.7% (289/439)
λ node_modules/expo-router/node/render.js ▓▓▓▓▓▓▓▓▓▓░░░░░░ 64.4% (498/670)
Web node_modules/expo-router/entry.js ▓▓▓▓▓▓▓▓░░░░░░░░ 50.3% (375/538)
λ node_modules/expo-router/node/render.js ▓▓▓▓▓▓▓▓▓▓░░░░░░ 64.4% (574/745)
Web node_modules/expo-router/entry.js ▓▓▓▓▓▓▓▓░░░░░░░░ 56.0% (496/691)
λ node_modules/expo-router/node/render.js ▓▓▓▓▓▓▓▓▓▓░░░░░░ 64.4% (689/883)
Web node_modules/expo-router/entry.js ▓▓▓▓▓▓▓▓▓░░░░░░░ 60.4% (721/928)
λ node_modules/expo-router/node/render.js ▓▓▓▓▓▓▓▓▓▓▓░░░░░ 74.7% ( 885/1024)
Web node_modules/expo-router/entry.js ▓▓▓▓▓▓▓▓▓▓▓▓░░░░ 75.4% ( 937/1079)
λ node_modules/expo-router/node/render.js ▓▓▓▓▓▓▓▓▓▓▓▓▓░░░ 87.1% (1107/1186)
Web node_modules/expo-router/entry.js ▓▓▓▓▓▓▓▓▓▓▓▓▓▓░░ 92.1% (1258/1311)
λ node_modules/expo-router/node/render.js ▓▓▓▓▓▓▓▓▓▓▓▓▓▓▓░ 93.9% (1239/1289)
λ Bundled 29236ms node_modules/expo-router/node/render.js (1354 modules)
"shadow*" style props are deprecated. Use "boxShadow".
"textShadow*" style props are deprecated. Use "textShadow".
λ  WARN  props.pointerEvents is deprecated. Use style.pointerEvents
Web node_modules/expo-router/entry.js ▓▓▓▓▓▓▓▓▓▓▓▓▓▓▓░ 98.3% (1394/1409)
Web Bundled 33380ms node_modules/expo-router/entry.js (1417 modules)
Web node_modules/expo-router/entry.js ▓▓▓▓░░░░░░░░░░░░ 29.8% (263/521)
Web node_modules/expo-router/entry.js ▓▓▓▓▓▓▓▓░░░░░░░░ 52.8% (661/910)
Web node_modules/expo-router/entry.js ▓▓▓▓▓▓▓▓▓▓▓▓▓░░░ 81.6% (1136/1258)
Web Bundled 11503ms node_modules/expo-router/entry.js (1418 modules)
 LOG  [web] Logs will appear in the browser console
Web node_modules/expo-router/entry.js ░░░░░░░░░░░░░░░░  0.0% (0/1)
λ Bundled 75ms node_modules/expo-router/node/render.js (1 module)
"shadow*" style props are deprecated. Use "boxShadow".
"textShadow*" style props are deprecated. Use "textShadow".
λ  WARN  props.pointerEvents is deprecated. Use style.pointerEvents
Web Bundled 695ms node_modules/expo-router/entry.js (1 module)
Web Bundled 66ms node_modules/expo-router/entry.js (1 module)
 LOG  [web] Logs will appear in the browser console
