Starting project at /app
React Compiler enabled
Starting Metro Bundler
Waiting on http://localhost:8081
Logs for your project will appear below.
Web node_modules/expo-router/entry.js ░░░░░░░░░░░░░░░░  0.0% (0/1)
Web node_modules/expo-router/entry.js ▓▓▓▓▓▓▓▓░░░░░░░░ 54.1% (657/893)
λ node_modules/expo-router/node/render.js ▓▓▓▓▓▓▓▓▓▓▓░░░░░ 71.8% ( 860/1015)
λ Bundled 4846ms node_modules/expo-router/node/render.js (1310 modules)
"shadow*" style props are deprecated. Use "boxShadow".
"textShadow*" style props are deprecated. Use "textShadow".
Web node_modules/expo-router/entry.js ▓▓▓▓▓▓▓▓▓▓▓▓▓▓▓░ 99.9% (1422/1422)
Web Bundled 9087ms node_modules/expo-router/entry.js (1422 modules)
Web node_modules/expo-router/entry.js ▓▓▓▓▓▓▓▓▓▓▓▓▓▓▓░ 99.9% (1422/1422)
Web Bundled 1985ms node_modules/expo-router/entry.js (1366 modules)
 LOG  [web] Logs will appear in the browser console
λ Bundled 43ms node_modules/expo-router/node/render.js (1 module)
"shadow*" style props are deprecated. Use "boxShadow".
"textShadow*" style props are deprecated. Use "textShadow".
Web Bundled 550ms node_modules/expo-router/entry.js (1 module)
Web Bundled 189ms node_modules/expo-router/entry.js (1 module)
 LOG  [web] Logs will appear in the browser console
Web node_modules/expo-router/entry.js ░░░░░░░░░░░░░░░░  0.0% (0/1)
λ Bundled 51ms node_modules/expo-router/node/render.js (1 module)
"shadow*" style props are deprecated. Use "boxShadow".
"textShadow*" style props are deprecated. Use "textShadow".
Web Bundled 573ms node_modules/expo-router/entry.js (1 module)
Web Bundled 95ms node_modules/expo-router/entry.js (1 module)
 LOG  [web] Logs will appear in the browser console
λ Bundled 37ms node_modules/expo-router/node/render.js (1 module)
"shadow*" style props are deprecated. Use "boxShadow".
"textShadow*" style props are deprecated. Use "textShadow".
Web Bundled 490ms node_modules/expo-router/entry.js (1 module)
Web Bundled 63ms node_modules/expo-router/entry.js (1 module)
 LOG  [web] Logs will appear in the browser console
